Tue Apr 02 2019 15:59:22 GMT-0700 (PDT): GET /
Tue Apr 02 2019 15:59:22 GMT-0700 (PDT): GET /favicon.ico
Tue Apr 02 2019 16:00:24 GMT-0700 (PDT): GET /
Tue Apr 02 2019 16:00:32 GMT-0700 (PDT): GET /
Tue Apr 02 2019 16:01:01 GMT-0700 (PDT): GET /
Tue Apr 02 2019 16:01:01 GMT-0700 (PDT): GET /lib/p5.speech.js
Tue Apr 02 2019 16:01:01 GMT-0700 (PDT): GET /lib/p5.speech.js
Tue Apr 02 2019 16:01:48 GMT-0700 (PDT): GET /
Tue Apr 02 2019 16:01:48 GMT-0700 (PDT): GET /lib/p5.speech.js
Tue Apr 02 2019 16:01:48 GMT-0700 (PDT): GET /lib/p5.speech.js
Tue Apr 02 2019 16:02:00 GMT-0700 (PDT): GET /
Tue Apr 02 2019 16:02:00 GMT-0700 (PDT): GET /lib/p5.speech.js
Tue Apr 02 2019 16:02:00 GMT-0700 (PDT): GET /lib/p5.speech.js
Tue Apr 02 2019 16:02:13 GMT-0700 (PDT): GET /
Tue Apr 02 2019 16:02:13 GMT-0700 (PDT): GET /lib/p5.speech.js
Tue Apr 02 2019 16:02:13 GMT-0700 (PDT): GET /lib/p5.speech.js
Tue Apr 02 2019 16:02:43 GMT-0700 (PDT): GET /
Tue Apr 02 2019 16:02:43 GMT-0700 (PDT): GET /lib/p5.speech.js
Tue Apr 02 2019 16:02:43 GMT-0700 (PDT): GET /lib/p5.speech.js
Tue Apr 02 2019 16:03:32 GMT-0700 (PDT): GET /
Tue Apr 02 2019 16:05:19 GMT-0700 (PDT): GET /
Tue Apr 02 2019 17:02:10 GMT-0700 (PDT): GET /
Tue Apr 02 2019 17:03:53 GMT-0700 (PDT): GET /
Tue Apr 02 2019 17:09:32 GMT-0700 (PDT): GET /
Tue Apr 02 2019 17:10:04 GMT-0700 (PDT): GET /
Tue Apr 02 2019 17:10:15 GMT-0700 (PDT): GET /
Tue Apr 02 2019 17:10:18 GMT-0700 (PDT): GET /
Tue Apr 02 2019 17:10:26 GMT-0700 (PDT): GET /
Tue Apr 02 2019 17:10:27 GMT-0700 (PDT): GET /
Tue Apr 02 2019 17:10:28 GMT-0700 (PDT): GET /
Tue Apr 02 2019 17:10:34 GMT-0700 (PDT): GET /
Tue Apr 02 2019 17:10:35 GMT-0700 (PDT): GET /
Tue Apr 02 2019 17:10:36 GMT-0700 (PDT): GET /
Tue Apr 02 2019 17:10:36 GMT-0700 (PDT): GET /
Tue Apr 02 2019 17:10:42 GMT-0700 (PDT): GET /
Tue Apr 02 2019 17:10:43 GMT-0700 (PDT): GET /
Tue Apr 02 2019 17:10:43 GMT-0700 (PDT): GET /
Tue Apr 02 2019 17:10:43 GMT-0700 (PDT): GET /
Tue Apr 02 2019 17:10:44 GMT-0700 (PDT): GET /
Tue Apr 02 2019 17:11:05 GMT-0700 (PDT): GET /
Tue Apr 02 2019 17:11:06 GMT-0700 (PDT): GET /
Tue Apr 02 2019 17:11:07 GMT-0700 (PDT): GET /
Tue Apr 02 2019 17:11:07 GMT-0700 (PDT): GET /
Tue Apr 02 2019 17:11:16 GMT-0700 (PDT): GET /
Tue Apr 02 2019 17:11:17 GMT-0700 (PDT): GET /
Tue Apr 02 2019 17:11:26 GMT-0700 (PDT): GET /
Tue Apr 02 2019 17:11:27 GMT-0700 (PDT): GET /
Tue Apr 02 2019 17:11:28 GMT-0700 (PDT): GET /
Tue Apr 02 2019 17:11:29 GMT-0700 (PDT): GET /
Tue Apr 02 2019 17:11:29 GMT-0700 (PDT): GET /
Tue Apr 02 2019 17:11:30 GMT-0700 (PDT): GET /
Tue Apr 02 2019 17:11:41 GMT-0700 (PDT): GET /
Tue Apr 02 2019 17:11:42 GMT-0700 (PDT): GET /
Tue Apr 02 2019 17:11:42 GMT-0700 (PDT): GET /
Tue Apr 02 2019 17:11:42 GMT-0700 (PDT): GET /
Tue Apr 02 2019 17:11:42 GMT-0700 (PDT): GET /
Tue Apr 02 2019 17:16:20 GMT-0700 (PDT): GET /
Tue Apr 02 2019 17:16:22 GMT-0700 (PDT): GET /
Tue Apr 02 2019 17:16:23 GMT-0700 (PDT): GET /
Tue Apr 02 2019 17:16:23 GMT-0700 (PDT): GET /
Tue Apr 02 2019 17:17:00 GMT-0700 (PDT): GET /
Tue Apr 02 2019 17:17:03 GMT-0700 (PDT): GET /
Tue Apr 02 2019 17:17:03 GMT-0700 (PDT): GET /
Tue Apr 02 2019 17:17:08 GMT-0700 (PDT): GET /
Tue Apr 02 2019 17:17:09 GMT-0700 (PDT): GET /
Tue Apr 02 2019 17:17:10 GMT-0700 (PDT): GET /
Tue Apr 02 2019 17:17:16 GMT-0700 (PDT): GET /
Tue Apr 02 2019 17:17:22 GMT-0700 (PDT): GET /
Tue Apr 02 2019 17:17:23 GMT-0700 (PDT): GET /
Tue Apr 02 2019 17:17:35 GMT-0700 (PDT): GET /
Tue Apr 02 2019 17:17:55 GMT-0700 (PDT): GET /
Tue Apr 02 2019 17:17:59 GMT-0700 (PDT): GET /
Tue Apr 02 2019 17:18:00 GMT-0700 (PDT): GET /
Tue Apr 02 2019 17:18:01 GMT-0700 (PDT): GET /
Tue Apr 02 2019 17:18:02 GMT-0700 (PDT): GET /
Tue Apr 02 2019 17:18:02 GMT-0700 (PDT): GET /
Tue Apr 02 2019 17:18:02 GMT-0700 (PDT): GET /
Tue Apr 02 2019 17:18:03 GMT-0700 (PDT): GET /
Tue Apr 02 2019 17:18:13 GMT-0700 (PDT): GET /
Tue Apr 02 2019 17:18:14 GMT-0700 (PDT): GET /
Tue Apr 02 2019 17:18:14 GMT-0700 (PDT): GET /
Thu Apr 04 2019 21:48:59 GMT-0700 (PDT): GET /
Thu Apr 04 2019 21:49:11 GMT-0700 (PDT): GET /
Thu Apr 04 2019 22:01:02 GMT-0700 (PDT): GET /rctimetrail/v0/index.html/
Thu Apr 04 2019 22:01:05 GMT-0700 (PDT): GET /rctimetrail/v0/index.html
Thu Apr 04 2019 22:17:43 GMT-0700 (PDT): GET /favicon.ico
Thu Apr 04 2019 22:17:44 GMT-0700 (PDT): GET /favicon.ico
Thu Apr 04 2019 22:17:48 GMT-0700 (PDT): GET /favicon.ico
Sat Apr 06 2019 08:06:32 GMT-0700 (PDT): GET /
Sat Apr 06 2019 08:06:46 GMT-0700 (PDT): GET /rctimetrial/assets/Model_D0407300A64/Gloves_diff.png
Sat Apr 06 2019 08:06:46 GMT-0700 (PDT): GET /rctimetrial/assets/Model_D0407300A64/Gloves_spec.png
Sat Apr 06 2019 08:06:46 GMT-0700 (PDT): GET /rctimetrial/assets/Model_D0407300A64/Gloves_nm.png
Sat Apr 06 2019 08:12:37 GMT-0700 (PDT): GET /rctimetrial/assets/Model_D0407300A64/Gloves_diff.png
Sat Apr 06 2019 08:12:37 GMT-0700 (PDT): GET /rctimetrial/assets/Model_D0407300A64/Gloves_spec.png
Sat Apr 06 2019 08:12:37 GMT-0700 (PDT): GET /rctimetrial/assets/Model_D0407300A64/Gloves_nm.png
